<?xml version="1.0" encoding="UTF-8"?>
<!-- Generated by org.testng.reporters.JUnitReportReporter -->
<testsuite hostname="DESKTOP-AJIP6LC" failures="0" tests="1" name="Practicecode.practicedataprovider" time="0.033" errors="0" timestamp="21 May 2021 06:43:45 GMT" skipped="0">
  <testcase classname="Practicecode.practicedataprovider" name="valuechange" time="0.033"/>
</testsuite> <!-- Practicecode.practicedataprovider -->
