<?xml version="1.0" encoding="UTF-8"?>
<!-- Generated by org.testng.reporters.JUnitReportReporter -->
<testsuite hostname="DESKTOP-AJIP6LC" failures="0" tests="3" name="Practicecode.Hyrpractice" time="4.243" errors="0" timestamp="21 May 2021 07:04:02 GMT" skipped="1">
  <testcase classname="Practicecode.Hyrpractice" name="mytestcase1" time="0.765"/>
  <testcase classname="Practicecode.Hyrpractice" name="mytestcase1" time="3.478"/>
  <testcase classname="Practicecode.Hyrpractice" name="mytestcase2">
    <skipped/>
  </testcase> <!-- mytestcase2 -->
</testsuite> <!-- Practicecode.Hyrpractice -->
