<?xml version="1.0" encoding="UTF-8"?>
<!-- Generated by org.testng.reporters.JUnitReportReporter -->
<testsuite hostname="DESKTOP-AJIP6LC" failures="0" tests="6" name="Practicecode.script1" time="0.108" errors="0" timestamp="09 May 2021 04:49:55 GMT" skipped="0">
  <testcase classname="Practicecode.script1" name="myMethod1" time="0.025"/>
  <testcase classname="Practicecode.script1" name="myMethod1" time="0.002"/>
  <testcase classname="Practicecode.script1" name="myMethod1" time="0.015"/>
  <testcase classname="Practicecode.script1" name="myMethod1" time="0.025"/>
  <testcase classname="Practicecode.script1" name="myMethod1" time="0.025"/>
  <testcase classname="Practicecode.script1" name="myMethod1" time="0.016"/>
</testsuite> <!-- Practicecode.script1 -->
